0 info it worked if it ends with ok
1 verbose cli [ '/usr/bin/node', '/usr/bin/npm', 'install', 'hapi', '--save' ]
2 info using npm@1.4.28
3 info using node@v0.10.32
4 verbose node symlink /usr/bin/node
5 warn package.json green@1.0.0 No repository field.
6 verbose readDependencies using package.json deps
7 verbose cache add [ 'hapi', null ]
8 verbose cache add name=undefined spec="hapi" args=["hapi",null]
9 verbose parsed url { protocol: null,
9 verbose parsed url   slashes: null,
9 verbose parsed url   auth: null,
9 verbose parsed url   host: null,
9 verbose parsed url   port: null,
9 verbose parsed url   hostname: null,
9 verbose parsed url   hash: null,
9 verbose parsed url   search: null,
9 verbose parsed url   query: null,
9 verbose parsed url   pathname: 'hapi',
9 verbose parsed url   path: 'hapi',
9 verbose parsed url   href: 'hapi' }
10 silly lockFile 04ea8046-hapi hapi
11 verbose lock hapi /home/academy/.npm/04ea8046-hapi.lock
12 silly lockFile 04ea8046-hapi hapi
13 silly lockFile 04ea8046-hapi hapi
14 verbose addNamed [ 'hapi', '' ]
15 verbose addNamed [ null, '*' ]
16 silly lockFile 5603efdf-hapi hapi@
17 verbose lock hapi@ /home/academy/.npm/5603efdf-hapi.lock
18 silly addNameRange { name: 'hapi', range: '*', hasData: false }
19 verbose request where is /hapi
20 verbose request registry https://registry.npmjs.org/
21 verbose request id f9f68e0e4ddbe9ed
22 verbose url raw /hapi
23 verbose url resolving [ 'https://registry.npmjs.org/', './hapi' ]
24 verbose url resolved https://registry.npmjs.org/hapi
25 verbose request where is https://registry.npmjs.org/hapi
26 info trying registry request attempt 1 at 18:51:04
27 verbose etag "BUPOG8W1OBXHB8LOTZXMYA35Z"
28 http GET https://registry.npmjs.org/hapi
29 http 200 https://registry.npmjs.org/hapi
30 silly registry.get cb [ 200,
30 silly registry.get   { date: 'Fri, 24 Oct 2014 17:51:06 GMT',
30 silly registry.get     server: 'CouchDB/1.5.0 (Erlang OTP/R16B03)',
30 silly registry.get     etag: '"F1K3RQQ7N2J7KOS5LSL5ZQDW8"',
30 silly registry.get     'content-type': 'application/json',
30 silly registry.get     'cache-control': 'max-age=60',
30 silly registry.get     'content-length': '230834',
30 silly registry.get     'accept-ranges': 'bytes',
30 silly registry.get     via: '1.1 varnish',
30 silly registry.get     age: '0',
30 silly registry.get     'x-served-by': 'cache-lhr6334-LHR',
30 silly registry.get     'x-cache': 'MISS',
30 silly registry.get     'x-cache-hits': '0',
30 silly registry.get     'x-timer': 'S1414173066.252160,VS0,VE627',
30 silly registry.get     vary: 'Accept',
30 silly registry.get     'keep-alive': 'timeout=10, max=50',
30 silly registry.get     connection: 'Keep-Alive' } ]
31 silly addNameRange number 2 { name: 'hapi', range: '*', hasData: true }
32 silly addNameRange versions [ 'hapi',
32 silly addNameRange   [ '0.0.1',
32 silly addNameRange     '0.0.2',
32 silly addNameRange     '0.0.3',
32 silly addNameRange     '0.0.4',
32 silly addNameRange     '0.0.5',
32 silly addNameRange     '0.0.6',
32 silly addNameRange     '0.1.0',
32 silly addNameRange     '0.1.1',
32 silly addNameRange     '0.1.2',
32 silly addNameRange     '0.1.3',
32 silly addNameRange     '0.2.0',
32 silly addNameRange     '0.2.1',
32 silly addNameRange     '0.3.0',
32 silly addNameRange     '0.4.0',
32 silly addNameRange     '0.4.1',
32 silly addNameRange     '0.4.2',
32 silly addNameRange     '0.4.3',
32 silly addNameRange     '0.4.4',
32 silly addNameRange     '0.5.0',
32 silly addNameRange     '0.5.1',
32 silly addNameRange     '0.6.0',
32 silly addNameRange     '0.6.1',
32 silly addNameRange     '0.5.2',
32 silly addNameRange     '0.7.0',
32 silly addNameRange     '0.7.1',
32 silly addNameRange     '0.8.0',
32 silly addNameRange     '0.8.1',
32 silly addNameRange     '0.8.2',
32 silly addNameRange     '0.8.3',
32 silly addNameRange     '0.8.4',
32 silly addNameRange     '0.9.0',
32 silly addNameRange     '0.9.1',
32 silly addNameRange     '0.9.2',
32 silly addNameRange     '0.10.0',
32 silly addNameRange     '0.10.1',
32 silly addNameRange     '0.11.0',
32 silly addNameRange     '0.11.1',
32 silly addNameRange     '0.11.2',
32 silly addNameRange     '0.11.3',
32 silly addNameRange     '0.12.0',
32 silly addNameRange     '0.13.0',
32 silly addNameRange     '0.13.1',
32 silly addNameRange     '0.13.2',
32 silly addNameRange     '0.11.4',
32 silly addNameRange     '0.13.3',
32 silly addNameRange     '0.14.0',
32 silly addNameRange     '0.14.1',
32 silly addNameRange     '0.14.2',
32 silly addNameRange     '0.15.0',
32 silly addNameRange     '0.15.1',
32 silly addNameRange     '0.15.2',
32 silly addNameRange     '0.15.3',
32 silly addNameRange     '0.15.4',
32 silly addNameRange     '0.15.5',
32 silly addNameRange     '0.15.6',
32 silly addNameRange     '0.15.7',
32 silly addNameRange     '0.15.8',
32 silly addNameRange     '0.15.9',
32 silly addNameRange     '0.16.0',
32 silly addNameRange     '1.0.0',
32 silly addNameRange     '1.0.1',
32 silly addNameRange     '1.0.2',
32 silly addNameRange     '1.0.3',
32 silly addNameRange     '1.1.0',
32 silly addNameRange     '1.2.0',
32 silly addNameRange     '1.3.0',
32 silly addNameRange     '1.4.0',
32 silly addNameRange     '1.5.0',
32 silly addNameRange     '1.6.0',
32 silly addNameRange     '1.6.1',
32 silly addNameRange     '1.6.2',
32 silly addNameRange     '1.7.0',
32 silly addNameRange     '1.7.1',
32 silly addNameRange     '1.7.2',
32 silly addNameRange     '1.7.3',
32 silly addNameRange     '1.8.0',
32 silly addNameRange     '1.8.1',
32 silly addNameRange     '1.8.2',
32 silly addNameRange     '1.8.3',
32 silly addNameRange     '1.9.0',
32 silly addNameRange     '1.9.1',
32 silly addNameRange     '1.9.2',
32 silly addNameRange     '1.9.3',
32 silly addNameRange     '1.9.4',
32 silly addNameRange     '1.9.5',
32 silly addNameRange     '1.9.6',
32 silly addNameRange     '1.9.7',
32 silly addNameRange     '1.10.0',
32 silly addNameRange     '1.11.0',
32 silly addNameRange     '1.11.1',
32 silly addNameRange     '1.12.0',
32 silly addNameRange     '1.13.0',
32 silly addNameRange     '1.14.0',
32 silly addNameRange     '1.15.0',
32 silly addNameRange     '1.16.0',
32 silly addNameRange     '1.16.1',
32 silly addNameRange     '1.17.0',
32 silly addNameRange     '1.18.0',
32 silly addNameRange     '1.19.0',
32 silly addNameRange     '1.19.1',
32 silly addNameRange     '1.19.2',
32 silly addNameRange     '1.19.3',
32 silly addNameRange     '1.19.4',
32 silly addNameRange     '1.19.5',
32 silly addNameRange     '1.20.0',
32 silly addNameRange     '2.0.0-preview',
32 silly addNameRange     '0.5.1-a',
32 silly addNameRange     '0.5.1-b',
32 silly addNameRange     '0.5.1-b2',
32 silly addNameRange     '0.5.1-c',
32 silly addNameRange     '2.0.0',
32 silly addNameRange     '2.1.0',
32 silly addNameRange     '2.1.1',
32 silly addNameRange     '2.1.2',
32 silly addNameRange     '2.2.0',
32 silly addNameRange     '2.3.0',
32 silly addNameRange     '2.4.0',
32 silly addNameRange     '2.5.0',
32 silly addNameRange     '2.6.0',
32 silly addNameRange     '3.0.0',
32 silly addNameRange     '3.0.1',
32 silly addNameRange     '3.0.2',
32 silly addNameRange     '3.1.0',
32 silly addNameRange     '4.0.0',
32 silly addNameRange     '4.0.1',
32 silly addNameRange     '4.0.2',
32 silly addNameRange     '4.0.3',
32 silly addNameRange     '4.1.0',
32 silly addNameRange     '4.1.1',
32 silly addNameRange     '4.1.2',
32 silly addNameRange     '4.1.3',
32 silly addNameRange     '4.1.4',
32 silly addNameRange     '5.0.0',
32 silly addNameRange     '5.1.0',
32 silly addNameRange     '6.0.0',
32 silly addNameRange     '6.0.1',
32 silly addNameRange     '6.0.2',
32 silly addNameRange     '6.1.0',
32 silly addNameRange     '6.2.0',
32 silly addNameRange     '6.2.1',
32 silly addNameRange     '6.2.2',
32 silly addNameRange     '6.3.0',
32 silly addNameRange     '6.4.0',
32 silly addNameRange     '6.5.0',
32 silly addNameRange     '6.5.1',
32 silly addNameRange     '6.6.0',
32 silly addNameRange     '6.7.0',
32 silly addNameRange     '6.7.1',
32 silly addNameRange     '6.8.0',
32 silly addNameRange     '6.8.1',
32 silly addNameRange     '6.9.0',
32 silly addNameRange     '6.10.0',
32 silly addNameRange     '6.11.0',
32 silly addNameRange     '6.11.1',
32 silly addNameRange     '7.0.0',
32 silly addNameRange     '7.0.1',
32 silly addNameRange     '7.1.0',
32 silly addNameRange     '7.1.1' ] ]
33 verbose addNamed [ 'hapi', '7.1.1' ]
34 verbose addNamed [ '7.1.1', '7.1.1' ]
35 silly lockFile 6f3437dd-hapi-7-1-1 hapi@7.1.1
36 verbose lock hapi@7.1.1 /home/academy/.npm/6f3437dd-hapi-7-1-1.lock
37 silly lockFile 1a97ee13-ry-npmjs-org-hapi-hapi-7-1-1-tgz https://registry.npmjs.org/hapi/-/hapi-7.1.1.tgz
38 verbose lock https://registry.npmjs.org/hapi/-/hapi-7.1.1.tgz /home/academy/.npm/1a97ee13-ry-npmjs-org-hapi-hapi-7-1-1-tgz.lock
39 verbose addRemoteTarball [ 'https://registry.npmjs.org/hapi/-/hapi-7.1.1.tgz',
39 verbose addRemoteTarball   '6ccd4a78f116f2afce3a6fcc58d7619bf7f0280c' ]
40 info retry fetch attempt 1 at 18:51:06
41 verbose fetch to= /tmp/npm-10393-_PBsk09b/registry.npmjs.org/hapi/-/hapi-7.1.1.tgz
42 http GET https://registry.npmjs.org/hapi/-/hapi-7.1.1.tgz
43 http 200 https://registry.npmjs.org/hapi/-/hapi-7.1.1.tgz
44 silly lockFile 1a97ee13-ry-npmjs-org-hapi-hapi-7-1-1-tgz https://registry.npmjs.org/hapi/-/hapi-7.1.1.tgz
45 silly lockFile 1a97ee13-ry-npmjs-org-hapi-hapi-7-1-1-tgz https://registry.npmjs.org/hapi/-/hapi-7.1.1.tgz
46 silly lockFile 6f3437dd-hapi-7-1-1 hapi@7.1.1
47 silly lockFile 6f3437dd-hapi-7-1-1 hapi@7.1.1
48 silly lockFile 5603efdf-hapi hapi@
49 silly lockFile 5603efdf-hapi hapi@
50 error Error: EACCES, mkdir '/home/academy/.npm/hapi/7.1.1'
50 error  { [Error: EACCES, mkdir '/home/academy/.npm/hapi/7.1.1']
50 error   errno: 3,
50 error   code: 'EACCES',
50 error   path: '/home/academy/.npm/hapi/7.1.1',
50 error   parent: 'green' }
51 error Please try running this command again as root/Administrator.
52 error System Linux 3.8.11
53 error command "/usr/bin/node" "/usr/bin/npm" "install" "hapi" "--save"
54 error cwd /home/academy/fc/green
55 error node -v v0.10.32
56 error npm -v 1.4.28
57 error path /home/academy/.npm/hapi/7.1.1
58 error code EACCES
59 error errno 3
60 error stack Error: EACCES, mkdir '/home/academy/.npm/hapi/7.1.1'
61 verbose exit [ 3, true ]
